Architecture:        x86_64
CPU op-mode(s):      32-bit, 64-bit
Byte Order:          Little Endian
CPU(s):              40
On-line CPU(s) list: 0-39
Thread(s) per core:  1
Core(s) per socket:  20
Socket(s):           2
NUMA node(s):        2
Vendor ID:           GenuineIntel
CPU family:          6
Model:               85
Model name:          Intel(R) Xeon(R) Gold 6148 CPU @ 2.40GHz
Stepping:            4
CPU MHz:             2400.000
CPU max MHz:         3700.0000
CPU min MHz:         1000.0000
BogoMIPS:            4800.00
Virtualization:      VT-x
L1d cache:           32K
L1i cache:           32K
L2 cache:            1024K
L3 cache:            28160K
NUMA node0 CPU(s):   0,2,4,6,8,10,12,14,16,18,20,22,24,26,28,30,32,34,36,38
NUMA node1 CPU(s):   1,3,5,7,9,11,13,15,17,19,21,23,25,27,29,31,33,35,37,39
Flags:               fpu vme de pse tsc msr pae mce cx8 apic sep mtrr pge mca cmov pat pse36 clflush dts acpi mmx fxsr sse sse2 ss ht tm pbe syscall nx pdpe1gb rdtscp lm constant_tsc art arch_perfmon pebs bts rep_good nopl xtopology nonstop_tsc cpuid aperfmperf pni pclmulqdq dtes64 monitor ds_cpl vmx smx est tm2 ssse3 sdbg fma cx16 xtpr pdcm pcid dca sse4_1 sse4_2 x2apic movbe popcnt tsc_deadline_timer aes xsave avx f16c rdrand lahf_lm abm 3dnowprefetch cpuid_fault epb cat_l3 cdp_l3 invpcid_single pti intel_ppin ssbd mba ibrs ibpb stibp tpr_shadow vnmi flexpriority ept vpid ept_ad fsgsbase tsc_adjust bmi1 hle avx2 smep bmi2 erms invpcid rtm cqm mpx rdt_a avx512f avx512dq rdseed adx smap clflushopt clwb intel_pt avx512cd avx512bw avx512vl xsaveopt xsavec xgetbv1 xsaves cqm_llc cqm_occup_llc cqm_mbm_total cqm_mbm_local dtherm ida arat pln pts hwp hwp_act_window hwp_epp hwp_pkg_req pku ospke md_clear flush_l1d arch_capabilities
NVIDIA-SMI has failed because it couldn't communicate with the NVIDIA driver. Make sure that the latest NVIDIA driver is installed and running.

Deleted file: "./data/D=0.024000-alpha=12.165450-fl=0.050000-st=10000.000000samp.txt"
Deleted file: "./data/D=0.024000-alpha=12.165450-fl=0.050000-st=80000.000000samp.txt"
Deleted file: "./data/D=0.024000-alpha=12.165450-fl=0.050000-st=30000.000000samp.txt"
Deleted file: "./data/D=0.024000-alpha=12.165450-fl=0.050000-st=60000.000000samp.txt"
Deleted file: "./data/D=0.024000-alpha=12.165450-fl=0.050000-st=40000.000000samp.txt"
Deleted file: "./data/D=0.024000-alpha=12.165450-fl=0.050000data.txt"
Deleted file: "./data/D=0.024000-alpha=12.165450-fl=0.050000-st=90000.000000samp.txt"
Deleted file: "./data/D=0.024000-alpha=12.165450-fl=0.050000-st=20000.000000samp.txt"
Deleted file: "./data/D=0.024000-alpha=12.165450-fl=0.050000-st=70000.000000samp.txt"
Deleted file: "./data/D=0.024000-alpha=12.165450-fl=0.050000-st=50000.000000samp.txt"
====== START SAMPLING ======
Upbound: 46.4859
bindVolume: 0.191381
Low Bound: 1e-05; Up Bound: 32.2966
Integral of PDF: 0.758905
Use Calculated Threshold: 0.06
Uniform Distribution Integral: 6
## Total Number of Time Steps: 1e+08 ##
** Samples per Step: 1 **
Unbind Probability: 9.9995e-05
bindUnbindRatio: 75.8905
====== END ======
Accuracy: 0
Bound/Unbound Time Ratio: 12.5391
====== START SAMPLING ======
Upbound: 46.4859
bindVolume: 0.191381
Low Bound: 1e-05; Up Bound: 32.2966
Integral of PDF: 0.758905
Use Calculated Threshold: 0.06
Uniform Distribution Integral: 6
## Total Number of Time Steps: 1e+08 ##
** Samples per Step: 2 **
Unbind Probability: 4.99988e-05
bindUnbindRatio: 75.8905
====== END ======
Accuracy: 0
Bound/Unbound Time Ratio: 12.4117
====== START SAMPLING ======
Upbound: 46.4859
bindVolume: 0.191381
Low Bound: 1e-05; Up Bound: 32.2966
Integral of PDF: 0.758905
Use Calculated Threshold: 0.06
Uniform Distribution Integral: 6
## Total Number of Time Steps: 1e+08 ##
** Samples per Step: 3 **
Unbind Probability: 3.33328e-05
bindUnbindRatio: 75.8905
====== END ======
Accuracy: 0
Bound/Unbound Time Ratio: 12.8671
====== START SAMPLING ======
Upbound: 46.4859
bindVolume: 0.191381
Low Bound: 1e-05; Up Bound: 32.2966
Integral of PDF: 0.758905
Use Calculated Threshold: 0.06
Uniform Distribution Integral: 6
## Total Number of Time Steps: 1e+08 ##
** Samples per Step: 4 **
Unbind Probability: 2.49997e-05
bindUnbindRatio: 75.8905
====== END ======
Accuracy: 0
Bound/Unbound Time Ratio: 12.4872
====== START SAMPLING ======
Upbound: 46.4859
bindVolume: 0.191381
Low Bound: 1e-05; Up Bound: 32.2966
Integral of PDF: 0.758905
Use Calculated Threshold: 0.06
Uniform Distribution Integral: 6
## Total Number of Time Steps: 1e+08 ##
** Samples per Step: 5 **
Unbind Probability: 1.99998e-05
bindUnbindRatio: 75.8905
====== END ======
Accuracy: 0
Bound/Unbound Time Ratio: 12.4833
====== START SAMPLING ======
Upbound: 46.4859
bindVolume: 0.191381
Low Bound: 1e-05; Up Bound: 32.2966
Integral of PDF: 0.758905
Use Calculated Threshold: 0.06
Uniform Distribution Integral: 6
## Total Number of Time Steps: 1e+08 ##
** Samples per Step: 6 **
Unbind Probability: 1.66665e-05
bindUnbindRatio: 75.8905
====== END ======
Accuracy: 0
Bound/Unbound Time Ratio: 12.4116
====== START SAMPLING ======
Upbound: 46.4859
bindVolume: 0.191381
Low Bound: 1e-05; Up Bound: 32.2966
Integral of PDF: 0.758905
Use Calculated Threshold: 0.06
Uniform Distribution Integral: 6
## Total Number of Time Steps: 1e+08 ##
** Samples per Step: 7 **
Unbind Probability: 1.42856e-05
bindUnbindRatio: 75.8905
====== END ======
Accuracy: 0
Bound/Unbound Time Ratio: 12.3258
====== START SAMPLING ======
Upbound: 46.4859
bindVolume: 0.191381
Low Bound: 1e-05; Up Bound: 32.2966
Integral of PDF: 0.758905
Use Calculated Threshold: 0.06
Uniform Distribution Integral: 6
## Total Number of Time Steps: 1e+08 ##
** Samples per Step: 8 **
Unbind Probability: 1.24999e-05
bindUnbindRatio: 75.8905
====== END ======
Accuracy: 0
Bound/Unbound Time Ratio: 12.1217
====== START SAMPLING ======
Upbound: 46.4859
bindVolume: 0.191381
Low Bound: 1e-05; Up Bound: 32.2966
Integral of PDF: 0.758905
Use Calculated Threshold: 0.06
Uniform Distribution Integral: 6
## Total Number of Time Steps: 1e+08 ##
** Samples per Step: 9 **
Unbind Probability: 1.1111e-05
bindUnbindRatio: 75.8905
====== END ======
Accuracy: 0
Bound/Unbound Time Ratio: 12.3124
